<?xml version="1.0" encoding="UTF-8"?>
<!-- Generated by org.testng.reporters.JUnitXMLReporter -->
<testsuite hostname="UT-LTP-1129" ignored="0" name="Command line test" tests="6" failures="0" timestamp="2022-06-17T13:54:02 IST" time="0.049" errors="0">
  <testcase name="IOSApps" time="0.016" classname="seleniumProject.MavenJava.AppiumTest"/>
  <testcase name="NativeApAndroid" time="0.001" classname="seleniumProject.MavenJava.AppiumTest"/>
  <testcase name="deleteTwiter" time="0.0" classname="seleniumProject.MavenJava.RESTAPITest"/>
  <testcase name="postJira" time="0.0" classname="seleniumProject.MavenJava.RESTAPITest"/>
  <testcase name="BrowserAutomation" time="0.0" classname="seleniumProject.MavenJava.SeleniumTest"/>
  <testcase name="elementsUi" time="0.0" classname="seleniumProject.MavenJava.SeleniumTest"/>
</testsuite> <!-- Command line test -->
